[2025-08-23T08:18:19.027+0000] {manager.py:469} INFO - Processing files using up to 2 processes at a time 
[2025-08-23T08:18:19.030+0000] {manager.py:470} INFO - Process each file at most once every 30 seconds
[2025-08-23T08:18:19.031+0000] {manager.py:471} INFO - Checking for new files in /opt/airflow/dags every 300 seconds
[2025-08-23T08:18:19.033+0000] {manager.py:738} INFO - Searching for files in /opt/airflow/dags
[2025-08-23T08:18:19.316+0000] {manager.py:741} INFO - There are 1 files in /opt/airflow/dags
[2025-08-23T08:18:19.609+0000] {manager.py:879} INFO - 
================================================================================
DAG File Processing Stats

File Path                              PID  Runtime      # DAGs    # Errors  Last Runtime    Last Run
-----------------------------------  -----  ---------  --------  ----------  --------------  ----------
/opt/airflow/dags/stock_pipeline.py    167  0.15s             0           0
================================================================================
[2025-08-23T08:25:11.459+0000] {manager.py:738} INFO - Searching for files in /opt/airflow/dags
[2025-08-23T08:25:11.516+0000] {manager.py:741} INFO - There are 1 files in /opt/airflow/dags
[2025-08-23T08:18:49.915+0000] {manager.py:879} INFO - 
================================================================================
DAG File Processing Stats

File Path                            PID    Runtime      # DAGs    # Errors  Last Runtime    Last Run
-----------------------------------  -----  ---------  --------  ----------  --------------  -------------------
/opt/airflow/dags/stock_pipeline.py                           1           0  -405.94s        2025-08-23T08:18:49
================================================================================
[2025-08-23T08:19:20.116+0000] {manager.py:879} INFO - 
================================================================================
DAG File Processing Stats

File Path                            PID    Runtime      # DAGs    # Errors  Last Runtime    Last Run
-----------------------------------  -----  ---------  --------  ----------  --------------  -------------------
/opt/airflow/dags/stock_pipeline.py                           1           0  -406.66s        2025-08-23T08:18:54
================================================================================
[2025-08-23T08:19:49.991+0000] {manager.py:879} INFO - 
================================================================================
DAG File Processing Stats

File Path                            PID    Runtime      # DAGs    # Errors  Last Runtime    Last Run
-----------------------------------  -----  ---------  --------  ----------  --------------  -------------------
/opt/airflow/dags/stock_pipeline.py                           1           0  1.10s           2025-08-23T08:19:26
================================================================================
[2025-08-23T08:20:20.179+0000] {manager.py:879} INFO - 
================================================================================
DAG File Processing Stats

File Path                            PID    Runtime      # DAGs    # Errors  Last Runtime    Last Run
-----------------------------------  -----  ---------  --------  ----------  --------------  -------------------
/opt/airflow/dags/stock_pipeline.py                           1           0  -407.18s        2025-08-23T08:20:18
================================================================================
[2025-08-23T08:20:50.293+0000] {manager.py:879} INFO - 
================================================================================
DAG File Processing Stats

File Path                            PID    Runtime      # DAGs    # Errors  Last Runtime    Last Run
-----------------------------------  -----  ---------  --------  ----------  --------------  -------------------
/opt/airflow/dags/stock_pipeline.py                           1           0  -406.95s        2025-08-23T08:20:48
================================================================================
[2025-08-23T08:21:20.509+0000] {manager.py:879} INFO - 
================================================================================
DAG File Processing Stats

File Path                            PID    Runtime      # DAGs    # Errors  Last Runtime    Last Run
-----------------------------------  -----  ---------  --------  ----------  --------------  -------------------
/opt/airflow/dags/stock_pipeline.py                           1           0  -407.42s        2025-08-23T08:21:17
================================================================================
[2025-08-23T08:21:51.269+0000] {manager.py:879} INFO - 
================================================================================
DAG File Processing Stats

File Path                            PID    Runtime      # DAGs    # Errors  Last Runtime    Last Run
-----------------------------------  -----  ---------  --------  ----------  --------------  -------------------
/opt/airflow/dags/stock_pipeline.py                           1           0  -407.02s        2025-08-23T08:21:48
================================================================================
[2025-08-23T08:22:21.538+0000] {manager.py:879} INFO - 
================================================================================
DAG File Processing Stats

File Path                            PID    Runtime      # DAGs    # Errors  Last Runtime    Last Run
-----------------------------------  -----  ---------  --------  ----------  --------------  -------------------
/opt/airflow/dags/stock_pipeline.py                           1           0  -407.16s        2025-08-23T08:22:19
================================================================================
[2025-08-23T08:22:52.110+0000] {manager.py:879} INFO - 
================================================================================
DAG File Processing Stats

File Path                            PID    Runtime      # DAGs    # Errors  Last Runtime    Last Run
-----------------------------------  -----  ---------  --------  ----------  --------------  -------------------
/opt/airflow/dags/stock_pipeline.py                           1           0  -407.26s        2025-08-23T08:22:48
================================================================================
[2025-08-23T08:23:22.327+0000] {manager.py:879} INFO - 
================================================================================
DAG File Processing Stats

File Path                            PID    Runtime      # DAGs    # Errors  Last Runtime    Last Run
-----------------------------------  -----  ---------  --------  ----------  --------------  -------------------
/opt/airflow/dags/stock_pipeline.py                           1           0  -407.30s        2025-08-23T08:23:18
================================================================================
[2025-08-23T08:30:11.975+0000] {manager.py:738} INFO - Searching for files in /opt/airflow/dags
[2025-08-23T08:30:12.008+0000] {manager.py:741} INFO - There are 1 files in /opt/airflow/dags
[2025-08-23T08:23:52.309+0000] {manager.py:879} INFO - 
================================================================================
DAG File Processing Stats

File Path                            PID    Runtime      # DAGs    # Errors  Last Runtime    Last Run
-----------------------------------  -----  ---------  --------  ----------  --------------  -------------------
/opt/airflow/dags/stock_pipeline.py                           1           0  -405.64s        2025-08-23T08:23:51
================================================================================
[2025-08-23T08:24:23.260+0000] {manager.py:879} INFO - 
================================================================================
DAG File Processing Stats

File Path                            PID    Runtime      # DAGs    # Errors  Last Runtime    Last Run
-----------------------------------  -----  ---------  --------  ----------  --------------  -------------------
/opt/airflow/dags/stock_pipeline.py                           1           0  -404.79s        2025-08-23T08:24:02
================================================================================
[2025-08-23T08:24:53.592+0000] {manager.py:879} INFO - 
================================================================================
DAG File Processing Stats

File Path                            PID    Runtime      # DAGs    # Errors  Last Runtime    Last Run
-----------------------------------  -----  ---------  --------  ----------  --------------  -------------------
/opt/airflow/dags/stock_pipeline.py                           1           0  409.62s         2025-08-23T08:31:21
================================================================================
[2025-08-23T08:25:23.821+0000] {manager.py:879} INFO - 
================================================================================
DAG File Processing Stats

File Path                            PID    Runtime      # DAGs    # Errors  Last Runtime    Last Run
-----------------------------------  -----  ---------  --------  ----------  --------------  -------------------
/opt/airflow/dags/stock_pipeline.py                           1           0  409.62s         2025-08-23T08:31:21
================================================================================
[2025-08-23T08:25:53.852+0000] {manager.py:879} INFO - 
================================================================================
DAG File Processing Stats

File Path                            PID    Runtime      # DAGs    # Errors  Last Runtime    Last Run
-----------------------------------  -----  ---------  --------  ----------  --------------  -------------------
/opt/airflow/dags/stock_pipeline.py                           1           0  -407.25s        2025-08-23T08:25:48
================================================================================
[2025-08-23T08:33:12.131+0000] {manager.py:879} INFO - 
================================================================================
DAG File Processing Stats

File Path                              PID  Runtime      # DAGs    # Errors  Last Runtime    Last Run
-----------------------------------  -----  ---------  --------  ----------  --------------  -------------------
/opt/airflow/dags/stock_pipeline.py    364  0.01s             1           0  -407.18s        2025-08-23T08:26:19
================================================================================
[2025-08-23T08:26:54.594+0000] {manager.py:879} INFO - 
================================================================================
DAG File Processing Stats

File Path                            PID    Runtime      # DAGs    # Errors  Last Runtime    Last Run
-----------------------------------  -----  ---------  --------  ----------  --------------  -------------------
/opt/airflow/dags/stock_pipeline.py                           1           0  -407.12s        2025-08-23T08:26:49
================================================================================
[2025-08-23T08:27:24.964+0000] {manager.py:879} INFO - 
================================================================================
DAG File Processing Stats

File Path                              PID  Runtime      # DAGs    # Errors  Last Runtime    Last Run
-----------------------------------  -----  ---------  --------  ----------  --------------  -------------------
/opt/airflow/dags/stock_pipeline.py    418  -407.09s          1           0  -407.10s        2025-08-23T08:27:04
================================================================================
[2025-08-23T08:27:55.019+0000] {manager.py:879} INFO - 
================================================================================
DAG File Processing Stats

File Path                            PID    Runtime      # DAGs    # Errors  Last Runtime    Last Run
-----------------------------------  -----  ---------  --------  ----------  --------------  -------------------
/opt/airflow/dags/stock_pipeline.py                           1           0  -404.52s        2025-08-23T08:27:32
================================================================================
[2025-08-23T08:28:24.984+0000] {manager.py:879} INFO - 
================================================================================
DAG File Processing Stats

File Path                            PID    Runtime      # DAGs    # Errors  Last Runtime    Last Run
-----------------------------------  -----  ---------  --------  ----------  --------------  -------------------
/opt/airflow/dags/stock_pipeline.py                           1           0  0.75s           2025-08-23T08:28:18
================================================================================
[2025-08-23T08:35:22.070+0000] {manager.py:738} INFO - Searching for files in /opt/airflow/dags
[2025-08-23T08:35:22.105+0000] {manager.py:741} INFO - There are 1 files in /opt/airflow/dags
[2025-08-23T08:28:55.188+0000] {manager.py:879} INFO - 
================================================================================
DAG File Processing Stats

File Path                              PID  Runtime      # DAGs    # Errors  Last Runtime    Last Run
-----------------------------------  -----  ---------  --------  ----------  --------------  -------------------
/opt/airflow/dags/stock_pipeline.py    472  -407.01s          1           0  -407.29s        2025-08-23T08:28:50
================================================================================
[2025-08-23T08:29:26.087+0000] {manager.py:879} INFO - 
================================================================================
DAG File Processing Stats

File Path                            PID    Runtime      # DAGs    # Errors  Last Runtime    Last Run
-----------------------------------  -----  ---------  --------  ----------  --------------  -------------------
/opt/airflow/dags/stock_pipeline.py                           1           0  -407.33s        2025-08-23T08:29:15
================================================================================
[2025-08-23T08:29:56.108+0000] {manager.py:879} INFO - 
================================================================================
DAG File Processing Stats

File Path                            PID    Runtime      # DAGs    # Errors  Last Runtime    Last Run
-----------------------------------  -----  ---------  --------  ----------  --------------  -------------------
/opt/airflow/dags/stock_pipeline.py                           1           0  -407.21s        2025-08-23T08:29:45
================================================================================
[2025-08-23T08:30:26.832+0000] {manager.py:879} INFO - 
================================================================================
DAG File Processing Stats

File Path                            PID    Runtime      # DAGs    # Errors  Last Runtime    Last Run
-----------------------------------  -----  ---------  --------  ----------  --------------  -------------------
/opt/airflow/dags/stock_pipeline.py                           1           0  -407.29s        2025-08-23T08:30:19
================================================================================
[2025-08-23T08:30:57.250+0000] {manager.py:879} INFO - 
================================================================================
DAG File Processing Stats

File Path                            PID    Runtime      # DAGs    # Errors  Last Runtime    Last Run
-----------------------------------  -----  ---------  --------  ----------  --------------  -------------------
/opt/airflow/dags/stock_pipeline.py                           1           0  0.69s           2025-08-23T08:30:50
================================================================================
[2025-08-23T08:31:28.180+0000] {manager.py:879} INFO - 
================================================================================
DAG File Processing Stats

File Path                            PID    Runtime      # DAGs    # Errors  Last Runtime    Last Run
-----------------------------------  -----  ---------  --------  ----------  --------------  -------------------
/opt/airflow/dags/stock_pipeline.py                           1           0  -407.22s        2025-08-23T08:31:10
================================================================================
[2025-08-23T08:31:58.434+0000] {manager.py:879} INFO - 
================================================================================
DAG File Processing Stats

File Path                            PID    Runtime      # DAGs    # Errors  Last Runtime    Last Run
-----------------------------------  -----  ---------  --------  ----------  --------------  -------------------
/opt/airflow/dags/stock_pipeline.py                           1           0  -406.98s        2025-08-23T08:31:55
================================================================================
[2025-08-23T08:32:29.337+0000] {manager.py:879} INFO - 
================================================================================
DAG File Processing Stats

File Path                            PID    Runtime      # DAGs    # Errors  Last Runtime    Last Run
-----------------------------------  -----  ---------  --------  ----------  --------------  -------------------
/opt/airflow/dags/stock_pipeline.py                           1           0  -407.27s        2025-08-23T08:32:25
================================================================================
[2025-08-23T08:32:59.942+0000] {manager.py:879} INFO - 
================================================================================
DAG File Processing Stats

File Path                            PID    Runtime      # DAGs    # Errors  Last Runtime    Last Run
-----------------------------------  -----  ---------  --------  ----------  --------------  -------------------
/opt/airflow/dags/stock_pipeline.py                           1           0  -405.44s        2025-08-23T08:32:50
================================================================================
[2025-08-23T08:33:30.133+0000] {manager.py:879} INFO - 
================================================================================
DAG File Processing Stats

File Path                            PID    Runtime      # DAGs    # Errors  Last Runtime    Last Run
-----------------------------------  -----  ---------  --------  ----------  --------------  -------------------
/opt/airflow/dags/stock_pipeline.py                           1           0  1.18s           2025-08-23T08:33:21
================================================================================
[2025-08-23T08:40:35.478+0000] {manager.py:738} INFO - Searching for files in /opt/airflow/dags
[2025-08-23T08:40:35.511+0000] {manager.py:741} INFO - There are 1 files in /opt/airflow/dags
[2025-08-23T08:34:00.401+0000] {manager.py:879} INFO - 
================================================================================
DAG File Processing Stats

File Path                              PID  Runtime      # DAGs    # Errors  Last Runtime    Last Run
-----------------------------------  -----  ---------  --------  ----------  --------------  -------------------
/opt/airflow/dags/stock_pipeline.py    634  -407.29s          1           0  -407.36s        2025-08-23T08:33:55
================================================================================
[2025-08-23T08:34:30.253+0000] {manager.py:879} INFO - 
================================================================================
DAG File Processing Stats

File Path                            PID    Runtime      # DAGs    # Errors  Last Runtime    Last Run
-----------------------------------  -----  ---------  --------  ----------  --------------  -------------------
/opt/airflow/dags/stock_pipeline.py                           1           0  -407.10s        2025-08-23T08:34:20
================================================================================
[2025-08-23T08:35:00.955+0000] {manager.py:879} INFO - 
================================================================================
DAG File Processing Stats

File Path                            PID    Runtime      # DAGs    # Errors  Last Runtime    Last Run
-----------------------------------  -----  ---------  --------  ----------  --------------  -------------------
/opt/airflow/dags/stock_pipeline.py                           1           0  -406.76s        2025-08-23T08:34:56
================================================================================
[2025-08-23T08:35:31.604+0000] {manager.py:879} INFO - 
================================================================================
DAG File Processing Stats

File Path                            PID    Runtime      # DAGs    # Errors  Last Runtime    Last Run
-----------------------------------  -----  ---------  --------  ----------  --------------  -------------------
/opt/airflow/dags/stock_pipeline.py                           1           0  -407.30s        2025-08-23T08:35:30
================================================================================
[2025-08-23T08:36:01.671+0000] {manager.py:879} INFO - 
================================================================================
DAG File Processing Stats

File Path                            PID    Runtime      # DAGs    # Errors  Last Runtime    Last Run
-----------------------------------  -----  ---------  --------  ----------  --------------  -------------------
/opt/airflow/dags/stock_pipeline.py                           1           0  -407.37s        2025-08-23T08:35:48
================================================================================
[2025-08-23T08:36:32.342+0000] {manager.py:879} INFO - 
================================================================================
DAG File Processing Stats

File Path                            PID    Runtime      # DAGs    # Errors  Last Runtime    Last Run
-----------------------------------  -----  ---------  --------  ----------  --------------  -------------------
/opt/airflow/dags/stock_pipeline.py                           1           0  -406.17s        2025-08-23T08:36:32
================================================================================
[2025-08-23T08:37:02.498+0000] {manager.py:879} INFO - 
================================================================================
DAG File Processing Stats

File Path                            PID    Runtime      # DAGs    # Errors  Last Runtime    Last Run
-----------------------------------  -----  ---------  --------  ----------  --------------  -------------------
/opt/airflow/dags/stock_pipeline.py                           1           0  -407.02s        2025-08-23T08:36:51
================================================================================
[2025-08-23T08:37:32.663+0000] {manager.py:879} INFO - 
================================================================================
DAG File Processing Stats

File Path                            PID    Runtime      # DAGs    # Errors  Last Runtime    Last Run
-----------------------------------  -----  ---------  --------  ----------  --------------  -------------------
/opt/airflow/dags/stock_pipeline.py                           1           0  -407.12s        2025-08-23T08:37:18
================================================================================
[2025-08-23T08:38:02.736+0000] {manager.py:879} INFO - 
================================================================================
DAG File Processing Stats

File Path                            PID    Runtime      # DAGs    # Errors  Last Runtime    Last Run
-----------------------------------  -----  ---------  --------  ----------  --------------  -------------------
/opt/airflow/dags/stock_pipeline.py                           1           0  -406.24s        2025-08-23T08:37:49
================================================================================
[2025-08-23T08:38:32.958+0000] {manager.py:879} INFO - 
================================================================================
DAG File Processing Stats

File Path                            PID    Runtime      # DAGs    # Errors  Last Runtime    Last Run
-----------------------------------  -----  ---------  --------  ----------  --------------  -------------------
/opt/airflow/dags/stock_pipeline.py                           1           0  -407.28s        2025-08-23T08:38:18
================================================================================
[2025-08-23T08:45:38.273+0000] {manager.py:738} INFO - Searching for files in /opt/airflow/dags
[2025-08-23T08:38:50.344+0000] {manager.py:741} INFO - There are 1 files in /opt/airflow/dags
[2025-08-23T08:39:02.978+0000] {manager.py:879} INFO - 
================================================================================
DAG File Processing Stats

File Path                            PID    Runtime      # DAGs    # Errors  Last Runtime    Last Run
-----------------------------------  -----  ---------  --------  ----------  --------------  -------------------
/opt/airflow/dags/stock_pipeline.py                           1           0  -407.24s        2025-08-23T08:38:41
================================================================================
[2025-08-23T08:39:33.139+0000] {manager.py:879} INFO - 
================================================================================
DAG File Processing Stats

File Path                            PID    Runtime      # DAGs    # Errors  Last Runtime    Last Run
-----------------------------------  -----  ---------  --------  ----------  --------------  -------------------
/opt/airflow/dags/stock_pipeline.py                           1           0  -407.30s        2025-08-23T08:39:30
================================================================================
[2025-08-23T08:40:03.110+0000] {manager.py:879} INFO - 
================================================================================
DAG File Processing Stats

File Path                            PID    Runtime      # DAGs    # Errors  Last Runtime    Last Run
-----------------------------------  -----  ---------  --------  ----------  --------------  -------------------
/opt/airflow/dags/stock_pipeline.py                           1           0  -407.28s        2025-08-23T08:40:00
================================================================================
[2025-08-23T08:40:33.281+0000] {manager.py:879} INFO - 
================================================================================
DAG File Processing Stats

File Path                            PID    Runtime      # DAGs    # Errors  Last Runtime    Last Run
-----------------------------------  -----  ---------  --------  ----------  --------------  -------------------
/opt/airflow/dags/stock_pipeline.py                           1           0  -406.87s        2025-08-23T08:40:31
================================================================================
[2025-08-23T08:41:03.615+0000] {manager.py:879} INFO - 
================================================================================
DAG File Processing Stats

File Path                            PID    Runtime      # DAGs    # Errors  Last Runtime    Last Run
-----------------------------------  -----  ---------  --------  ----------  --------------  -------------------
/opt/airflow/dags/stock_pipeline.py                           1           0  -406.92s        2025-08-23T08:40:41
================================================================================
[2025-08-23T08:41:33.986+0000] {manager.py:879} INFO - 
================================================================================
DAG File Processing Stats

File Path                            PID    Runtime      # DAGs    # Errors  Last Runtime    Last Run
-----------------------------------  -----  ---------  --------  ----------  --------------  -------------------
/opt/airflow/dags/stock_pipeline.py                           1           0  -407.28s        2025-08-23T08:41:25
================================================================================
[2025-08-23T08:48:52.290+0000] {manager.py:879} INFO - 
================================================================================
DAG File Processing Stats

File Path                            PID    Runtime      # DAGs    # Errors  Last Runtime    Last Run
-----------------------------------  -----  ---------  --------  ----------  --------------  -------------------
/opt/airflow/dags/stock_pipeline.py                           1           0  1.25s           2025-08-23T08:48:45
================================================================================
[2025-08-23T08:42:34.460+0000] {manager.py:879} INFO - 
================================================================================
DAG File Processing Stats

File Path                            PID    Runtime      # DAGs    # Errors  Last Runtime    Last Run
-----------------------------------  -----  ---------  --------  ----------  --------------  -------------------
/opt/airflow/dags/stock_pipeline.py                           1           0  -407.08s        2025-08-23T08:42:31
================================================================================
[2025-08-23T08:43:04.684+0000] {manager.py:879} INFO - 
================================================================================
DAG File Processing Stats

File Path                            PID    Runtime      # DAGs    # Errors  Last Runtime    Last Run
-----------------------------------  -----  ---------  --------  ----------  --------------  -------------------
/opt/airflow/dags/stock_pipeline.py                           1           0  -407.39s        2025-08-23T08:42:56
================================================================================
[2025-08-23T08:43:35.343+0000] {manager.py:879} INFO - 
================================================================================
DAG File Processing Stats

File Path                            PID    Runtime      # DAGs    # Errors  Last Runtime    Last Run
-----------------------------------  -----  ---------  --------  ----------  --------------  -------------------
/opt/airflow/dags/stock_pipeline.py                           1           0  1.41s           2025-08-23T08:43:19
================================================================================
[2025-08-23T08:50:43.389+0000] {manager.py:738} INFO - Searching for files in /opt/airflow/dags
[2025-08-23T08:50:43.422+0000] {manager.py:741} INFO - There are 1 files in /opt/airflow/dags
[2025-08-23T08:50:53.373+0000] {manager.py:879} INFO - 
================================================================================
DAG File Processing Stats

File Path                            PID    Runtime      # DAGs    # Errors  Last Runtime    Last Run
-----------------------------------  -----  ---------  --------  ----------  --------------  -------------------
/opt/airflow/dags/stock_pipeline.py                           1           0  0.83s           2025-08-23T08:50:44
================================================================================
[2025-08-23T08:51:23.446+0000] {manager.py:879} INFO - 
================================================================================
DAG File Processing Stats

File Path                            PID    Runtime      # DAGs    # Errors  Last Runtime    Last Run
-----------------------------------  -----  ---------  --------  ----------  --------------  -------------------
/opt/airflow/dags/stock_pipeline.py                           1           0  -407.15s        2025-08-23T08:44:31
================================================================================
[2025-08-23T08:45:05.994+0000] {manager.py:879} INFO - 
================================================================================
DAG File Processing Stats

File Path                            PID    Runtime      # DAGs    # Errors  Last Runtime    Last Run
-----------------------------------  -----  ---------  --------  ----------  --------------  -------------------
/opt/airflow/dags/stock_pipeline.py                           1           0  -407.18s        2025-08-23T08:45:01
================================================================================
[2025-08-23T08:45:36.270+0000] {manager.py:879} INFO - 
================================================================================
DAG File Processing Stats

File Path                            PID    Runtime      # DAGs    # Errors  Last Runtime    Last Run
-----------------------------------  -----  ---------  --------  ----------  --------------  -------------------
/opt/airflow/dags/stock_pipeline.py                           1           0  -407.32s        2025-08-23T08:45:31
================================================================================
[2025-08-23T08:52:54.555+0000] {manager.py:879} INFO - 
================================================================================
DAG File Processing Stats

File Path                            PID    Runtime      # DAGs    # Errors  Last Runtime    Last Run
-----------------------------------  -----  ---------  --------  ----------  --------------  -------------------
/opt/airflow/dags/stock_pipeline.py                           1           0  1.89s           2025-08-23T08:52:45
================================================================================
[2025-08-23T08:46:36.881+0000] {manager.py:879} INFO - 
================================================================================
DAG File Processing Stats

File Path                            PID    Runtime      # DAGs    # Errors  Last Runtime    Last Run
-----------------------------------  -----  ---------  --------  ----------  --------------  -------------------
/opt/airflow/dags/stock_pipeline.py                           1           0  -406.75s        2025-08-23T08:46:32
================================================================================
[2025-08-23T08:47:07.295+0000] {manager.py:879} INFO - 
================================================================================
DAG File Processing Stats

File Path                            PID    Runtime      # DAGs    # Errors  Last Runtime    Last Run
-----------------------------------  -----  ---------  --------  ----------  --------------  -------------------
/opt/airflow/dags/stock_pipeline.py                           1           0  1.75s           2025-08-23T08:53:35
================================================================================
[2025-08-23T08:47:37.348+0000] {manager.py:879} INFO - 
================================================================================
DAG File Processing Stats

File Path                            PID    Runtime      # DAGs    # Errors  Last Runtime    Last Run
-----------------------------------  -----  ---------  --------  ----------  --------------  -------------------
/opt/airflow/dags/stock_pipeline.py                           1           0  -407.28s        2025-08-23T08:47:31
================================================================================
[2025-08-23T08:48:07.671+0000] {manager.py:879} INFO - 
================================================================================
DAG File Processing Stats

File Path                            PID    Runtime      # DAGs    # Errors  Last Runtime    Last Run
-----------------------------------  -----  ---------  --------  ----------  --------------  -------------------
/opt/airflow/dags/stock_pipeline.py                           1           0  0.71s           2025-08-23T08:48:02
================================================================================
[2025-08-23T08:48:38.549+0000] {manager.py:879} INFO - 
================================================================================
DAG File Processing Stats

File Path                            PID    Runtime      # DAGs    # Errors  Last Runtime    Last Run
-----------------------------------  -----  ---------  --------  ----------  --------------  -------------------
/opt/airflow/dags/stock_pipeline.py                           1           0  -407.32s        2025-08-23T08:48:18
================================================================================
[2025-08-23T08:55:43.804+0000] {manager.py:738} INFO - Searching for files in /opt/airflow/dags
[2025-08-23T08:55:43.868+0000] {manager.py:741} INFO - There are 1 files in /opt/airflow/dags
[2025-08-23T08:49:08.727+0000] {manager.py:879} INFO - 
================================================================================
DAG File Processing Stats

File Path                            PID    Runtime      # DAGs    # Errors  Last Runtime    Last Run
-----------------------------------  -----  ---------  --------  ----------  --------------  -------------------
/opt/airflow/dags/stock_pipeline.py                           1           0  -406.40s        2025-08-23T08:49:07
================================================================================
[2025-08-23T08:49:39.195+0000] {manager.py:879} INFO - 
================================================================================
DAG File Processing Stats

File Path                            PID    Runtime      # DAGs    # Errors  Last Runtime    Last Run
-----------------------------------  -----  ---------  --------  ----------  --------------  -------------------
/opt/airflow/dags/stock_pipeline.py                           1           0  -407.00s        2025-08-23T08:49:37
================================================================================
[2025-08-23T08:50:09.676+0000] {manager.py:879} INFO - 
================================================================================
DAG File Processing Stats

File Path                            PID    Runtime      # DAGs    # Errors  Last Runtime    Last Run
-----------------------------------  -----  ---------  --------  ----------  --------------  -------------------
/opt/airflow/dags/stock_pipeline.py                           1           0  -406.19s        2025-08-23T08:49:43
================================================================================
[2025-08-23T08:50:39.714+0000] {manager.py:879} INFO - 
================================================================================
DAG File Processing Stats

File Path                            PID    Runtime      # DAGs    # Errors  Last Runtime    Last Run
-----------------------------------  -----  ---------  --------  ----------  --------------  -------------------
/opt/airflow/dags/stock_pipeline.py                           1           0  -407.34s        2025-08-23T08:50:36
================================================================================
[2025-08-23T09:13:54.898+0000] {manager.py:738} INFO - Searching for files in /opt/airflow/dags
[2025-08-23T09:13:57.139+0000] {manager.py:741} INFO - There are 1 files in /opt/airflow/dags
[2025-08-23T09:14:17.696+0000] {manager.py:879} INFO - 
================================================================================
DAG File Processing Stats

File Path                            PID    Runtime      # DAGs    # Errors  Last Runtime    Last Run
-----------------------------------  -----  ---------  --------  ----------  --------------  -------------------
/opt/airflow/dags/stock_pipeline.py                           1           0  5.82s           2025-08-23T09:14:03
================================================================================
[2025-08-23T09:14:47.879+0000] {manager.py:879} INFO - 
================================================================================
DAG File Processing Stats

File Path                            PID    Runtime      # DAGs    # Errors  Last Runtime    Last Run
-----------------------------------  -----  ---------  --------  ----------  --------------  -------------------
/opt/airflow/dags/stock_pipeline.py                           1           0  2.28s           2025-08-23T09:14:35
================================================================================
[2025-08-23T09:15:17.910+0000] {manager.py:879} INFO - 
================================================================================
DAG File Processing Stats

File Path                            PID    Runtime      # DAGs    # Errors  Last Runtime    Last Run
-----------------------------------  -----  ---------  --------  ----------  --------------  -------------------
/opt/airflow/dags/stock_pipeline.py                           1           0  1.95s           2025-08-23T09:15:08
================================================================================
[2025-08-23T09:08:59.652+0000] {manager.py:879} INFO - 
================================================================================
DAG File Processing Stats

File Path                            PID    Runtime      # DAGs    # Errors  Last Runtime    Last Run
-----------------------------------  -----  ---------  --------  ----------  --------------  -------------------
/opt/airflow/dags/stock_pipeline.py                           1           0  1.95s           2025-08-23T09:15:08
================================================================================
[2025-08-23T09:09:29.461+0000] {manager.py:879} INFO - 
================================================================================
DAG File Processing Stats

File Path                            PID    Runtime      # DAGs    # Errors  Last Runtime    Last Run
-----------------------------------  -----  ---------  --------  ----------  --------------  -------------------
/opt/airflow/dags/stock_pipeline.py                           1           0  -407.79s        2025-08-23T09:09:26
================================================================================
[2025-08-23T09:16:49.085+0000] {manager.py:879} INFO - 
================================================================================
DAG File Processing Stats

File Path                            PID    Runtime      # DAGs    # Errors  Last Runtime    Last Run
-----------------------------------  -----  ---------  --------  ----------  --------------  -------------------
/opt/airflow/dags/stock_pipeline.py                           1           0  1.17s           2025-08-23T09:16:25
================================================================================
[2025-08-23T09:10:30.996+0000] {manager.py:879} INFO - 
================================================================================
DAG File Processing Stats

File Path                            PID    Runtime      # DAGs    # Errors  Last Runtime    Last Run
-----------------------------------  -----  ---------  --------  ----------  --------------  -------------------
/opt/airflow/dags/stock_pipeline.py                           1           0  -407.68s        2025-08-23T09:10:08
================================================================================
[2025-08-23T09:11:01.784+0000] {manager.py:879} INFO - 
================================================================================
DAG File Processing Stats

File Path                              PID  Runtime      # DAGs    # Errors  Last Runtime    Last Run
-----------------------------------  -----  ---------  --------  ----------  --------------  -------------------
/opt/airflow/dags/stock_pipeline.py   1306  -407.62s          1           0  -406.50s        2025-08-23T09:10:57
================================================================================
[2025-08-23T09:11:32.032+0000] {manager.py:879} INFO - 
================================================================================
DAG File Processing Stats

File Path                            PID    Runtime      # DAGs    # Errors  Last Runtime    Last Run
-----------------------------------  -----  ---------  --------  ----------  --------------  -------------------
/opt/airflow/dags/stock_pipeline.py                           1           0  2.18s           2025-08-23T09:17:56
================================================================================
[2025-08-23T09:12:01.914+0000] {manager.py:879} INFO - 
================================================================================
DAG File Processing Stats

File Path                            PID    Runtime      # DAGs    # Errors  Last Runtime    Last Run
-----------------------------------  -----  ---------  --------  ----------  --------------  -------------------
/opt/airflow/dags/stock_pipeline.py                           1           0  -407.45s        2025-08-23T09:12:01
================================================================================
[2025-08-23T09:18:55.816+0000] {manager.py:738} INFO - Searching for files in /opt/airflow/dags
[2025-08-23T09:18:55.882+0000] {manager.py:741} INFO - There are 1 files in /opt/airflow/dags
[2025-08-23T09:12:32.677+0000] {manager.py:879} INFO - 
================================================================================
DAG File Processing Stats

File Path                            PID    Runtime      # DAGs    # Errors  Last Runtime    Last Run
-----------------------------------  -----  ---------  --------  ----------  --------------  -------------------
/opt/airflow/dags/stock_pipeline.py                           1           0  1.51s           2025-08-23T09:18:56
================================================================================
[2025-08-23T09:13:02.748+0000] {manager.py:879} INFO - 
================================================================================
DAG File Processing Stats

File Path                            PID    Runtime      # DAGs    # Errors  Last Runtime    Last Run
-----------------------------------  -----  ---------  --------  ----------  --------------  -------------------
/opt/airflow/dags/stock_pipeline.py                           1           0  -407.09s        2025-08-23T09:12:47
================================================================================
[2025-08-23T09:13:32.658+0000] {manager.py:879} INFO - 
================================================================================
DAG File Processing Stats

File Path                            PID    Runtime      # DAGs    # Errors  Last Runtime    Last Run
-----------------------------------  -----  ---------  --------  ----------  --------------  -------------------
/opt/airflow/dags/stock_pipeline.py                           1           0  1.80s           2025-08-23T09:19:56
================================================================================
[2025-08-23T09:20:51.550+0000] {manager.py:879} INFO - 
================================================================================
DAG File Processing Stats

File Path                              PID  Runtime      # DAGs    # Errors  Last Runtime    Last Run
-----------------------------------  -----  ---------  --------  ----------  --------------  -------------------
/opt/airflow/dags/stock_pipeline.py   1371  1.42s             1           0  -406.20s        2025-08-23T09:13:48
================================================================================
[2025-08-23T09:14:32.664+0000] {manager.py:879} INFO - 
================================================================================
DAG File Processing Stats

File Path                            PID    Runtime      # DAGs    # Errors  Last Runtime    Last Run
-----------------------------------  -----  ---------  --------  ----------  --------------  -------------------
/opt/airflow/dags/stock_pipeline.py                           1           0  2.09s           2025-08-23T09:20:52
================================================================================
[2025-08-23T09:15:03.618+0000] {manager.py:879} INFO - 
================================================================================
DAG File Processing Stats

File Path                            PID    Runtime      # DAGs    # Errors  Last Runtime    Last Run
-----------------------------------  -----  ---------  --------  ----------  --------------  -------------------
/opt/airflow/dags/stock_pipeline.py                           1           0  -408.11s        2025-08-23T09:14:57
================================================================================
[2025-08-23T09:15:33.785+0000] {manager.py:879} INFO - 
================================================================================
DAG File Processing Stats

File Path                            PID    Runtime      # DAGs    # Errors  Last Runtime    Last Run
-----------------------------------  -----  ---------  --------  ----------  --------------  -------------------
/opt/airflow/dags/stock_pipeline.py                           1           0  1.22s           2025-08-23T09:21:55
================================================================================
[2025-08-23T09:16:03.484+0000] {manager.py:879} INFO - 
================================================================================
DAG File Processing Stats

File Path                            PID    Runtime      # DAGs    # Errors  Last Runtime    Last Run
-----------------------------------  -----  ---------  --------  ----------  --------------  -------------------
/opt/airflow/dags/stock_pipeline.py                           1           0  -407.50s        2025-08-23T09:16:02
================================================================================
[2025-08-23T09:16:33.976+0000] {manager.py:879} INFO - 
================================================================================
DAG File Processing Stats

File Path                            PID    Runtime      # DAGs    # Errors  Last Runtime    Last Run
-----------------------------------  -----  ---------  --------  ----------  --------------  -------------------
/opt/airflow/dags/stock_pipeline.py                           1           0  -406.80s        2025-08-23T09:16:33
================================================================================
[2025-08-23T09:17:04.571+0000] {manager.py:879} INFO - 
================================================================================
DAG File Processing Stats

File Path                            PID    Runtime      # DAGs    # Errors  Last Runtime    Last Run
-----------------------------------  -----  ---------  --------  ----------  --------------  -------------------
/opt/airflow/dags/stock_pipeline.py                           1           0  -406.36s        2025-08-23T09:16:53
================================================================================
[2025-08-23T09:24:00.313+0000] {manager.py:738} INFO - Searching for files in /opt/airflow/dags
[2025-08-23T09:24:00.400+0000] {manager.py:741} INFO - There are 1 files in /opt/airflow/dags
[2025-08-23T09:17:34.642+0000] {manager.py:879} INFO - 
================================================================================
DAG File Processing Stats

File Path                            PID    Runtime      # DAGs    # Errors  Last Runtime    Last Run
-----------------------------------  -----  ---------  --------  ----------  --------------  -------------------
/opt/airflow/dags/stock_pipeline.py                           1           0  -407.29s        2025-08-23T09:17:32
================================================================================
[2025-08-23T09:18:04.527+0000] {manager.py:879} INFO - 
================================================================================
DAG File Processing Stats

File Path                            PID    Runtime      # DAGs    # Errors  Last Runtime    Last Run
-----------------------------------  -----  ---------  --------  ----------  --------------  -------------------
/opt/airflow/dags/stock_pipeline.py                           1           0  1.29s           2025-08-23T09:24:26
================================================================================
[2025-08-23T09:18:34.656+0000] {manager.py:879} INFO - 
================================================================================
DAG File Processing Stats

File Path                            PID    Runtime      # DAGs    # Errors  Last Runtime    Last Run
-----------------------------------  -----  ---------  --------  ----------  --------------  -------------------
/opt/airflow/dags/stock_pipeline.py                           1           0  -407.64s        2025-08-23T09:18:32
================================================================================
[2025-08-23T09:19:04.962+0000] {manager.py:879} INFO - 
================================================================================
DAG File Processing Stats

File Path                            PID    Runtime      # DAGs    # Errors  Last Runtime    Last Run
-----------------------------------  -----  ---------  --------  ----------  --------------  -------------------
/opt/airflow/dags/stock_pipeline.py                           1           0  -407.80s        2025-08-23T09:19:02
================================================================================
[2025-08-23T09:19:35.380+0000] {manager.py:879} INFO - 
================================================================================
DAG File Processing Stats

File Path                            PID    Runtime      # DAGs    # Errors  Last Runtime    Last Run
-----------------------------------  -----  ---------  --------  ----------  --------------  -------------------
/opt/airflow/dags/stock_pipeline.py                           1           0  -407.71s        2025-08-23T09:19:32
================================================================================
[2025-08-23T09:26:55.110+0000] {manager.py:879} INFO - 
================================================================================
DAG File Processing Stats

File Path                            PID    Runtime      # DAGs    # Errors  Last Runtime    Last Run
-----------------------------------  -----  ---------  --------  ----------  --------------  -------------------
/opt/airflow/dags/stock_pipeline.py                           1           0  1.80s           2025-08-23T09:26:26
================================================================================
[2025-08-23T09:20:36.538+0000] {manager.py:879} INFO - 
================================================================================
DAG File Processing Stats

File Path                            PID    Runtime      # DAGs    # Errors  Last Runtime    Last Run
-----------------------------------  -----  ---------  --------  ----------  --------------  -------------------
/opt/airflow/dags/stock_pipeline.py                           1           0  -407.13s        2025-08-23T09:20:28
================================================================================
[2025-08-23T09:27:55.889+0000] {manager.py:879} INFO - 
================================================================================
DAG File Processing Stats

File Path                            PID    Runtime      # DAGs    # Errors  Last Runtime    Last Run
-----------------------------------  -----  ---------  --------  ----------  --------------  -------------------
/opt/airflow/dags/stock_pipeline.py                           1           0  1.26s           2025-08-23T09:27:26
================================================================================
[2025-08-23T09:21:38.074+0000] {manager.py:879} INFO - 
================================================================================
DAG File Processing Stats

File Path                              PID  Runtime      # DAGs    # Errors  Last Runtime    Last Run
-----------------------------------  -----  ---------  --------  ----------  --------------  -------------------
/opt/airflow/dags/stock_pipeline.py   1645  -407.63s          1           0  -407.40s        2025-08-23T09:21:33
================================================================================
[2025-08-23T09:22:08.651+0000] {manager.py:879} INFO - 
================================================================================
DAG File Processing Stats

File Path                            PID    Runtime      # DAGs    # Errors  Last Runtime    Last Run
-----------------------------------  -----  ---------  --------  ----------  --------------  -------------------
/opt/airflow/dags/stock_pipeline.py                           1           0  -406.81s        2025-08-23T09:22:08
================================================================================
[2025-08-23T09:29:00.663+0000] {manager.py:738} INFO - Searching for files in /opt/airflow/dags
[2025-08-23T09:29:00.740+0000] {manager.py:741} INFO - There are 1 files in /opt/airflow/dags
[2025-08-23T09:22:38.584+0000] {manager.py:879} INFO - 
================================================================================
DAG File Processing Stats

File Path                            PID    Runtime      # DAGs    # Errors  Last Runtime    Last Run
-----------------------------------  -----  ---------  --------  ----------  --------------  -------------------
/opt/airflow/dags/stock_pipeline.py                           1           0  -407.13s        2025-08-23T09:22:38
================================================================================
[2025-08-23T09:23:09.311+0000] {manager.py:879} INFO - 
================================================================================
DAG File Processing Stats

File Path                            PID    Runtime      # DAGs    # Errors  Last Runtime    Last Run
-----------------------------------  -----  ---------  --------  ----------  --------------  -------------------
/opt/airflow/dags/stock_pipeline.py                           1           0  -406.83s        2025-08-23T09:23:09
================================================================================
[2025-08-23T09:23:39.792+0000] {manager.py:879} INFO - 
================================================================================
DAG File Processing Stats

File Path                            PID    Runtime      # DAGs    # Errors  Last Runtime    Last Run
-----------------------------------  -----  ---------  --------  ----------  --------------  -------------------
/opt/airflow/dags/stock_pipeline.py                           1           0  -407.68s        2025-08-23T09:23:37
================================================================================
[2025-08-23T09:24:10.898+0000] {manager.py:879} INFO - 
================================================================================
DAG File Processing Stats

File Path                            PID    Runtime      # DAGs    # Errors  Last Runtime    Last Run
-----------------------------------  -----  ---------  --------  ----------  --------------  -------------------
/opt/airflow/dags/stock_pipeline.py                           1           0  -407.84s        2025-08-23T09:23:58
================================================================================
[2025-08-23T09:24:40.658+0000] {manager.py:879} INFO - 
================================================================================
DAG File Processing Stats

File Path                            PID    Runtime      # DAGs    # Errors  Last Runtime    Last Run
-----------------------------------  -----  ---------  --------  ----------  --------------  -------------------
/opt/airflow/dags/stock_pipeline.py                           1           0  -406.71s        2025-08-23T09:24:39
================================================================================
[2025-08-23T09:25:10.635+0000] {manager.py:879} INFO - 
================================================================================
DAG File Processing Stats

File Path                            PID    Runtime      # DAGs    # Errors  Last Runtime    Last Run
-----------------------------------  -----  ---------  --------  ----------  --------------  -------------------
/opt/airflow/dags/stock_pipeline.py                           1           0  -407.19s        2025-08-23T09:25:08
================================================================================
[2025-08-23T09:25:41.698+0000] {manager.py:879} INFO - 
================================================================================
DAG File Processing Stats

File Path                            PID    Runtime      # DAGs    # Errors  Last Runtime    Last Run
-----------------------------------  -----  ---------  --------  ----------  --------------  -------------------
/opt/airflow/dags/stock_pipeline.py                           1           0  -406.97s        2025-08-23T09:25:29
================================================================================
[2025-08-23T09:26:11.636+0000] {manager.py:879} INFO - 
================================================================================
DAG File Processing Stats

File Path                            PID    Runtime      # DAGs    # Errors  Last Runtime    Last Run
-----------------------------------  -----  ---------  --------  ----------  --------------  -------------------
/opt/airflow/dags/stock_pipeline.py                           1           0  -407.59s        2025-08-23T09:26:08
================================================================================
[2025-08-23T09:26:42.612+0000] {manager.py:879} INFO - 
================================================================================
DAG File Processing Stats

File Path                            PID    Runtime      # DAGs    # Errors  Last Runtime    Last Run
-----------------------------------  -----  ---------  --------  ----------  --------------  -------------------
/opt/airflow/dags/stock_pipeline.py                           1           0  -407.64s        2025-08-23T09:26:39
================================================================================
[2025-08-23T09:27:13.233+0000] {manager.py:879} INFO - 
================================================================================
DAG File Processing Stats

File Path                            PID    Runtime      # DAGs    # Errors  Last Runtime    Last Run
-----------------------------------  -----  ---------  --------  ----------  --------------  -------------------
/opt/airflow/dags/stock_pipeline.py                           1           0  -407.03s        2025-08-23T09:27:04
================================================================================
[2025-08-23T09:34:11.344+0000] {manager.py:738} INFO - Searching for files in /opt/airflow/dags
[2025-08-23T09:34:11.417+0000] {manager.py:741} INFO - There are 1 files in /opt/airflow/dags
[2025-08-23T09:27:43.475+0000] {manager.py:879} INFO - 
================================================================================
DAG File Processing Stats

File Path                              PID  Runtime      # DAGs    # Errors  Last Runtime    Last Run
-----------------------------------  -----  ---------  --------  ----------  --------------  -------------------
/opt/airflow/dags/stock_pipeline.py   2015  -407.78s          1           0  -407.46s        2025-08-23T09:27:38
================================================================================
[2025-08-23T09:28:13.515+0000] {manager.py:879} INFO - 
================================================================================
DAG File Processing Stats

File Path                              PID  Runtime      # DAGs    # Errors  Last Runtime    Last Run
-----------------------------------  -----  ---------  --------  ----------  --------------  -------------------
/opt/airflow/dags/stock_pipeline.py   2052  -407.81s          1           0  -407.24s        2025-08-23T09:28:08
================================================================================
[2025-08-23T09:28:43.585+0000] {manager.py:879} INFO - 
================================================================================
DAG File Processing Stats

File Path                              PID  Runtime      # DAGs    # Errors  Last Runtime    Last Run
-----------------------------------  -----  ---------  --------  ----------  --------------  -------------------
/opt/airflow/dags/stock_pipeline.py   2088  -407.83s          1           0  -407.46s        2025-08-23T09:28:38
================================================================================
[2025-08-23T09:29:13.818+0000] {manager.py:879} INFO - 
================================================================================
DAG File Processing Stats

File Path                              PID  Runtime      # DAGs    # Errors  Last Runtime    Last Run
-----------------------------------  -----  ---------  --------  ----------  --------------  -------------------
/opt/airflow/dags/stock_pipeline.py   2124  -407.85s          1           0  -408.01s        2025-08-23T09:29:08
================================================================================
[2025-08-23T09:29:44.212+0000] {manager.py:879} INFO - 
================================================================================
DAG File Processing Stats

File Path                            PID    Runtime      # DAGs    # Errors  Last Runtime    Last Run
-----------------------------------  -----  ---------  --------  ----------  --------------  -------------------
/opt/airflow/dags/stock_pipeline.py                           1           0  -407.12s        2025-08-23T09:29:44
================================================================================
[2025-08-23T09:30:14.526+0000] {manager.py:879} INFO - 
================================================================================
DAG File Processing Stats

File Path                            PID    Runtime      # DAGs    # Errors  Last Runtime    Last Run
-----------------------------------  -----  ---------  --------  ----------  --------------  -------------------
/opt/airflow/dags/stock_pipeline.py                           1           0  -405.89s        2025-08-23T09:30:10
================================================================================
[2025-08-23T09:30:44.738+0000] {manager.py:879} INFO - 
================================================================================
DAG File Processing Stats

File Path                              PID  Runtime      # DAGs    # Errors  Last Runtime    Last Run
-----------------------------------  -----  ---------  --------  ----------  --------------  -------------------
/opt/airflow/dags/stock_pipeline.py   2199  -406.92s          1           0  -406.79s        2025-08-23T09:30:39
================================================================================
[2025-08-23T09:31:14.796+0000] {manager.py:879} INFO - 
================================================================================
DAG File Processing Stats

File Path                            PID    Runtime      # DAGs    # Errors  Last Runtime    Last Run
-----------------------------------  -----  ---------  --------  ----------  --------------  -------------------
/opt/airflow/dags/stock_pipeline.py                           1           0  1.77s           2025-08-23T09:37:57
================================================================================
[2025-08-23T09:31:45.571+0000] {manager.py:879} INFO - 
================================================================================
DAG File Processing Stats

File Path                            PID    Runtime      # DAGs    # Errors  Last Runtime    Last Run
-----------------------------------  -----  ---------  --------  ----------  --------------  -------------------
/opt/airflow/dags/stock_pipeline.py                           1           0  -406.91s        2025-08-23T09:31:44
================================================================================
[2025-08-23T09:32:16.092+0000] {manager.py:879} INFO - 
================================================================================
DAG File Processing Stats

File Path                            PID    Runtime      # DAGs    # Errors  Last Runtime    Last Run
-----------------------------------  -----  ---------  --------  ----------  --------------  -------------------
/opt/airflow/dags/stock_pipeline.py                           1           0  -407.43s        2025-08-23T09:32:14
================================================================================
[2025-08-23T09:39:22.158+0000] {manager.py:738} INFO - Searching for files in /opt/airflow/dags
[2025-08-23T09:39:22.212+0000] {manager.py:741} INFO - There are 1 files in /opt/airflow/dags
[2025-08-23T09:32:46.523+0000] {manager.py:879} INFO - 
================================================================================
DAG File Processing Stats

File Path                            PID    Runtime      # DAGs    # Errors  Last Runtime    Last Run
-----------------------------------  -----  ---------  --------  ----------  --------------  -------------------
/opt/airflow/dags/stock_pipeline.py                           1           0  -407.09s        2025-08-23T09:32:44
================================================================================
[2025-08-23T09:33:17.365+0000] {manager.py:879} INFO - 
================================================================================
DAG File Processing Stats

File Path                            PID    Runtime      # DAGs    # Errors  Last Runtime    Last Run
-----------------------------------  -----  ---------  --------  ----------  --------------  -------------------
/opt/airflow/dags/stock_pipeline.py                           1           0  -407.31s        2025-08-23T09:33:14
================================================================================
[2025-08-23T09:40:36.682+0000] {manager.py:879} INFO - 
================================================================================
DAG File Processing Stats

File Path                              PID  Runtime      # DAGs    # Errors  Last Runtime    Last Run
-----------------------------------  -----  ---------  --------  ----------  --------------  -------------------
/opt/airflow/dags/stock_pipeline.py   2351  0.02s             1           0  -407.43s        2025-08-23T09:33:44
================================================================================
[2025-08-23T09:34:18.532+0000] {manager.py:879} INFO - 
================================================================================
DAG File Processing Stats

File Path                            PID    Runtime      # DAGs    # Errors  Last Runtime    Last Run
-----------------------------------  -----  ---------  --------  ----------  --------------  -------------------
/opt/airflow/dags/stock_pipeline.py                           1           0  -406.42s        2025-08-23T09:34:09
================================================================================
[2025-08-23T09:34:35.246+0000] {manager.py:451} INFO - Exiting gracefully upon receiving signal 15
[2025-08-23T09:34:35.246+0000] {manager.py:451} INFO - Exiting gracefully upon receiving signal 15
[2025-08-23T09:41:26.164+0000] {manager.py:451} INFO - Exiting gracefully upon receiving signal 15
[2025-08-23T09:42:32.459+0000] {manager.py:469} INFO - Processing files using up to 2 processes at a time 
[2025-08-23T09:42:32.462+0000] {manager.py:470} INFO - Process each file at most once every 30 seconds
[2025-08-23T09:42:32.464+0000] {manager.py:471} INFO - Checking for new files in /opt/airflow/dags every 300 seconds
[2025-08-23T09:42:32.474+0000] {manager.py:738} INFO - Searching for files in /opt/airflow/dags
[2025-08-23T09:42:32.549+0000] {manager.py:741} INFO - There are 1 files in /opt/airflow/dags
[2025-08-23T09:42:32.918+0000] {manager.py:879} INFO - 
================================================================================
DAG File Processing Stats

File Path                              PID  Runtime      # DAGs    # Errors  Last Runtime    Last Run
-----------------------------------  -----  ---------  --------  ----------  --------------  ----------
/opt/airflow/dags/stock_pipeline.py    169  0.18s             0           0
================================================================================
[2025-08-23T09:36:14.079+0000] {manager.py:879} INFO - 
================================================================================
DAG File Processing Stats

File Path                              PID  Runtime      # DAGs    # Errors  Last Runtime    Last Run
-----------------------------------  -----  ---------  --------  ----------  --------------  -------------------
/opt/airflow/dags/stock_pipeline.py    201  -407.86s          1           0  -408.03s        2025-08-23T09:36:04
================================================================================
[2025-08-23T09:36:45.178+0000] {manager.py:879} INFO - 
================================================================================
DAG File Processing Stats

File Path                            PID    Runtime      # DAGs    # Errors  Last Runtime    Last Run
-----------------------------------  -----  ---------  --------  ----------  --------------  -------------------
/opt/airflow/dags/stock_pipeline.py                           1           0  -407.55s        2025-08-23T09:36:34
================================================================================
[2025-08-23T09:37:15.485+0000] {manager.py:879} INFO - 
================================================================================
DAG File Processing Stats

File Path                            PID    Runtime      # DAGs    # Errors  Last Runtime    Last Run
-----------------------------------  -----  ---------  --------  ----------  --------------  -------------------
/opt/airflow/dags/stock_pipeline.py                           1           0  -407.79s        2025-08-23T09:37:14
================================================================================
[2025-08-23T09:37:45.808+0000] {manager.py:879} INFO - 
================================================================================
DAG File Processing Stats

File Path                            PID    Runtime      # DAGs    # Errors  Last Runtime    Last Run
-----------------------------------  -----  ---------  --------  ----------  --------------  -------------------
/opt/airflow/dags/stock_pipeline.py                           1           0  -407.23s        2025-08-23T09:37:44
================================================================================
[2025-08-23T09:38:16.925+0000] {manager.py:879} INFO - 
================================================================================
DAG File Processing Stats

File Path                            PID    Runtime      # DAGs    # Errors  Last Runtime    Last Run
-----------------------------------  -----  ---------  --------  ----------  --------------  -------------------
/opt/airflow/dags/stock_pipeline.py                           1           0  1.40s           2025-08-23T09:38:15
================================================================================
[2025-08-23T09:38:46.957+0000] {manager.py:879} INFO - 
================================================================================
DAG File Processing Stats

File Path                            PID    Runtime      # DAGs    # Errors  Last Runtime    Last Run
-----------------------------------  -----  ---------  --------  ----------  --------------  -------------------
/opt/airflow/dags/stock_pipeline.py                           1           0  1.74s           2025-08-23T09:45:27
================================================================================
[2025-08-23T09:39:16.656+0000] {manager.py:879} INFO - 
================================================================================
DAG File Processing Stats

File Path                            PID    Runtime      # DAGs    # Errors  Last Runtime    Last Run
-----------------------------------  -----  ---------  --------  ----------  --------------  -------------------
/opt/airflow/dags/stock_pipeline.py                           1           0  -407.57s        2025-08-23T09:39:14
================================================================================
[2025-08-23T09:39:47.870+0000] {manager.py:879} INFO - 
================================================================================
DAG File Processing Stats

File Path                            PID    Runtime      # DAGs    # Errors  Last Runtime    Last Run
-----------------------------------  -----  ---------  --------  ----------  --------------  -------------------
/opt/airflow/dags/stock_pipeline.py                           1           0  -406.74s        2025-08-23T09:39:45
================================================================================
[2025-08-23T09:40:17.882+0000] {manager.py:879} INFO - 
================================================================================
DAG File Processing Stats

File Path                            PID    Runtime      # DAGs    # Errors  Last Runtime    Last Run
-----------------------------------  -----  ---------  --------  ----------  --------------  -------------------
/opt/airflow/dags/stock_pipeline.py                           1           0  -405.72s        2025-08-23T09:40:17
================================================================================
[2025-08-23T09:47:32.543+0000] {manager.py:738} INFO - Searching for files in /opt/airflow/dags
[2025-08-23T09:47:32.623+0000] {manager.py:741} INFO - There are 1 files in /opt/airflow/dags
[2025-08-23T09:40:49.094+0000] {manager.py:879} INFO - 
================================================================================
DAG File Processing Stats

File Path                            PID    Runtime      # DAGs    # Errors  Last Runtime    Last Run
-----------------------------------  -----  ---------  --------  ----------  --------------  -------------------
/opt/airflow/dags/stock_pipeline.py                           1           0  -406.71s        2025-08-23T09:40:45
================================================================================
[2025-08-23T09:41:19.725+0000] {manager.py:879} INFO - 
================================================================================
DAG File Processing Stats

File Path                            PID    Runtime      # DAGs    # Errors  Last Runtime    Last Run
-----------------------------------  -----  ---------  --------  ----------  --------------  -------------------
/opt/airflow/dags/stock_pipeline.py                           1           0  -406.98s        2025-08-23T09:41:15
================================================================================
[2025-08-23T09:41:49.715+0000] {manager.py:879} INFO - 
================================================================================
DAG File Processing Stats

File Path                            PID    Runtime      # DAGs    # Errors  Last Runtime    Last Run
-----------------------------------  -----  ---------  --------  ----------  --------------  -------------------
/opt/airflow/dags/stock_pipeline.py                           1           0  1.63s           2025-08-23T09:48:27
================================================================================
[2025-08-23T09:42:20.080+0000] {manager.py:879} INFO - 
================================================================================
DAG File Processing Stats

File Path                              PID  Runtime      # DAGs    # Errors  Last Runtime    Last Run
-----------------------------------  -----  ---------  --------  ----------  --------------  -------------------
/opt/airflow/dags/stock_pipeline.py    512  -408.13s          1           0  -407.88s        2025-08-23T09:42:09
================================================================================
[2025-08-23T09:42:51.000+0000] {manager.py:879} INFO - 
================================================================================
DAG File Processing Stats

File Path                            PID    Runtime      # DAGs    # Errors  Last Runtime    Last Run
-----------------------------------  -----  ---------  --------  ----------  --------------  -------------------
/opt/airflow/dags/stock_pipeline.py                           1           0  -407.50s        2025-08-23T09:42:50
================================================================================
[2025-08-23T09:43:20.643+0000] {manager.py:879} INFO - 
================================================================================
DAG File Processing Stats

File Path                            PID    Runtime      # DAGs    # Errors  Last Runtime    Last Run
-----------------------------------  -----  ---------  --------  ----------  --------------  -------------------
/opt/airflow/dags/stock_pipeline.py                           1           0  -407.58s        2025-08-23T09:43:20
================================================================================
[2025-08-23T09:43:51.725+0000] {manager.py:879} INFO - 
================================================================================
DAG File Processing Stats

File Path                            PID    Runtime      # DAGs    # Errors  Last Runtime    Last Run
-----------------------------------  -----  ---------  --------  ----------  --------------  -------------------
/opt/airflow/dags/stock_pipeline.py                           1           0  -407.97s        2025-08-23T09:43:40
================================================================================
[2025-08-23T09:44:21.838+0000] {manager.py:879} INFO - 
================================================================================
DAG File Processing Stats

File Path                            PID    Runtime      # DAGs    # Errors  Last Runtime    Last Run
-----------------------------------  -----  ---------  --------  ----------  --------------  -------------------
/opt/airflow/dags/stock_pipeline.py                           1           0  6.89s           2025-08-23T09:51:02
================================================================================
[2025-08-23T09:44:51.840+0000] {manager.py:879} INFO - 
================================================================================
DAG File Processing Stats

File Path                            PID    Runtime      # DAGs    # Errors  Last Runtime    Last Run
-----------------------------------  -----  ---------  --------  ----------  --------------  -------------------
/opt/airflow/dags/stock_pipeline.py                           1           0  -406.28s        2025-08-23T09:44:51
================================================================================
[2025-08-23T09:45:22.027+0000] {manager.py:879} INFO - 
================================================================================
DAG File Processing Stats

File Path                            PID    Runtime      # DAGs    # Errors  Last Runtime    Last Run
-----------------------------------  -----  ---------  --------  ----------  --------------  -------------------
/opt/airflow/dags/stock_pipeline.py                           1           0  2.09s           2025-08-23T09:51:58
================================================================================
[2025-08-23T09:52:32.993+0000] {manager.py:738} INFO - Searching for files in /opt/airflow/dags
[2025-08-23T09:52:33.075+0000] {manager.py:741} INFO - There are 1 files in /opt/airflow/dags
[2025-08-23T09:45:52.965+0000] {manager.py:879} INFO - 
================================================================================
DAG File Processing Stats

File Path                            PID    Runtime      # DAGs    # Errors  Last Runtime    Last Run
-----------------------------------  -----  ---------  --------  ----------  --------------  -------------------
/opt/airflow/dags/stock_pipeline.py                           1           0  -406.53s        2025-08-23T09:45:46
================================================================================
[2025-08-23T09:46:23.083+0000] {manager.py:879} INFO - 
================================================================================
DAG File Processing Stats

File Path                            PID    Runtime      # DAGs    # Errors  Last Runtime    Last Run
-----------------------------------  -----  ---------  --------  ----------  --------------  -------------------
/opt/airflow/dags/stock_pipeline.py                           1           0  -406.24s        2025-08-23T09:46:16
================================================================================
[2025-08-23T09:46:53.247+0000] {manager.py:879} INFO - 
================================================================================
DAG File Processing Stats

File Path                            PID    Runtime      # DAGs    # Errors  Last Runtime    Last Run
-----------------------------------  -----  ---------  --------  ----------  --------------  -------------------
/opt/airflow/dags/stock_pipeline.py                           1           0  1.96s           2025-08-23T09:53:28
================================================================================
[2025-08-23T09:47:23.690+0000] {manager.py:879} INFO - 
================================================================================
DAG File Processing Stats

File Path                            PID    Runtime      # DAGs    # Errors  Last Runtime    Last Run
-----------------------------------  -----  ---------  --------  ----------  --------------  -------------------
/opt/airflow/dags/stock_pipeline.py                           1           0  1.96s           2025-08-23T09:53:28
================================================================================
[2025-08-23T09:47:43.354+0000] {manager.py:451} INFO - Exiting gracefully upon receiving signal 15
